Flow report for hlimds-lab-2
Thu Nov 05 03:15:56 2020
Quartus Prime Version 17.1.0 Build 590 10/25/2017 SJ Lite Edition


---------------------
; Table of Contents ;
---------------------
  1. Legal Notice
  2. Flow Summary
  3. Flow Settings
  4. Flow Non-Default Global Settings
  5. Flow Elapsed Time
  6. Flow OS Summary
  7. Flow Log
  8. Flow Messages
  9. Flow Suppressed Messages



----------------
; Legal Notice ;
----------------
Copyright (C) 2017  Intel Corporation. All rights reserved.
Your use of Intel Corporation's design tools, logic functions 
and other software and tools, and its AMPP partner logic 
functions, and any output files from any of the foregoing 
(including device programming or simulation files), and any 
associated documentation or information are expressly subject 
to the terms and conditions of the Intel Program License 
Subscription Agreement, the Intel Quartus Prime License Agreement,
the Intel FPGA IP License Agreement, or other applicable license
agreement, including, without limitation, that your use is for
the sole purpose of programming logic devices manufactured by
Intel and sold by Intel or its authorized distributors.  Please
refer to the applicable agreement for further details.



+----------------------------------------------------------------------------------+
; Flow Summary                                                                     ;
+------------------------------------+---------------------------------------------+
; Flow Status                        ; Successful - Thu Nov 05 03:15:43 2020       ;
; Quartus Prime Version              ; 17.1.0 Build 590 10/25/2017 SJ Lite Edition ;
; Revision Name                      ; hlimds-lab-2                                ;
; Top-level Entity Name              ; neuron_layer                                ;
; Family                             ; MAX 10                                      ;
; Device                             ; 10M50DAF484C7G                              ;
; Timing Models                      ; Final                                       ;
; Total logic elements               ; 343 / 49,760 ( < 1 % )                      ;
;     Total combinational functions  ; 321 / 49,760 ( < 1 % )                      ;
;     Dedicated logic registers      ; 211 / 49,760 ( < 1 % )                      ;
; Total registers                    ; 211                                         ;
; Total pins                         ; 46 / 360 ( 13 % )                           ;
; Total virtual pins                 ; 0                                           ;
; Total memory bits                  ; 0 / 1,677,312 ( 0 % )                       ;
; Embedded Multiplier 9-bit elements ; 0 / 288 ( 0 % )                             ;
; Total PLLs                         ; 0 / 4 ( 0 % )                               ;
; UFM blocks                         ; 0 / 1 ( 0 % )                               ;
; ADC blocks                         ; 0 / 2 ( 0 % )                               ;
+------------------------------------+---------------------------------------------+


+-----------------------------------------+
; Flow Settings                           ;
+-------------------+---------------------+
; Option            ; Setting             ;
+-------------------+---------------------+
; Start date & time ; 11/05/2020 03:13:56 ;
; Main task         ; Compilation         ;
; Revision Name     ; hlimds-lab-2        ;
+-------------------+---------------------+


+--------------------------------------------------------------------------------------------------------------------------+
; Flow Non-Default Global Settings                                                                                         ;
+-------------------------------------+----------------------------------------+---------------+--------------+------------+
; Assignment Name                     ; Value                                  ; Default Value ; Entity Name  ; Section Id ;
+-------------------------------------+----------------------------------------+---------------+--------------+------------+
; COMPILER_SIGNATURE_ID               ; 146391806610.160453523505064           ; --            ; --           ; --         ;
; MAX_CORE_JUNCTION_TEMP              ; 85                                     ; --            ; --           ; --         ;
; MIN_CORE_JUNCTION_TEMP              ; 0                                      ; --            ; --           ; --         ;
; PARTITION_COLOR                     ; -- (Not supported for targeted family) ; --            ; neuron_layer ; Top        ;
; PARTITION_FITTER_PRESERVATION_LEVEL ; -- (Not supported for targeted family) ; --            ; neuron_layer ; Top        ;
; PARTITION_NETLIST_TYPE              ; -- (Not supported for targeted family) ; --            ; neuron_layer ; Top        ;
; PROJECT_OUTPUT_DIRECTORY            ; output_files                           ; --            ; --           ; --         ;
; TOP_LEVEL_ENTITY                    ; neuron_layer                           ; hlimds-lab-2  ; --           ; --         ;
+-------------------------------------+----------------------------------------+---------------+--------------+------------+


+-------------------------------------------------------------------------------------------------------------------------------+
; Flow Elapsed Time                                                                                                             ;
+---------------------------+--------------+-------------------------+---------------------+------------------------------------+
; Module Name               ; Elapsed Time ; Average Processors Used ; Peak Virtual Memory ; Total CPU Time (on all processors) ;
+---------------------------+--------------+-------------------------+---------------------+------------------------------------+
; Analysis & Synthesis      ; 00:00:49     ; 1.0                     ; 628 MB              ; 00:01:01                           ;
; Fitter                    ; 00:00:46     ; 1.0                     ; 1267 MB             ; 00:00:45                           ;
; Assembler                 ; 00:00:09     ; 1.0                     ; 543 MB              ; 00:00:08                           ;
; TimeQuest Timing Analyzer ; 00:00:12     ; 1.1                     ; 653 MB              ; 00:00:10                           ;
; Total                     ; 00:01:56     ; --                      ; --                  ; 00:02:04                           ;
+---------------------------+--------------+-------------------------+---------------------+------------------------------------+


+----------------------------------------------------------------------------------------+
; Flow OS Summary                                                                        ;
+---------------------------+------------------+-----------+------------+----------------+
; Module Name               ; Machine Hostname ; OS Name   ; OS Version ; Processor type ;
+---------------------------+------------------+-----------+------------+----------------+
; Analysis & Synthesis      ; W430253          ; Windows 7 ; 6.1        ; x86_64         ;
; Fitter                    ; W430253          ; Windows 7 ; 6.1        ; x86_64         ;
; Assembler                 ; W430253          ; Windows 7 ; 6.1        ; x86_64         ;
; TimeQuest Timing Analyzer ; W430253          ; Windows 7 ; 6.1        ; x86_64         ;
+---------------------------+------------------+-----------+------------+----------------+


------------
; Flow Log ;
------------
quartus_map --read_settings_files=on --write_settings_files=off hlimds-lab-2 -c hlimds-lab-2
quartus_fit --read_settings_files=off --write_settings_files=off hlimds-lab-2 -c hlimds-lab-2
quartus_asm --read_settings_files=off --write_settings_files=off hlimds-lab-2 -c hlimds-lab-2
quartus_sta hlimds-lab-2 -c hlimds-lab-2



